<?xml version="1.0" encoding="UTF-8"?>
<!-- Generated by org.testng.reporters.JUnitXMLReporter -->
<testsuite ignored="0" hostname="LAPTOP-L78LREL2" failures="1" tests="1" name="FirefoxTest" time="68.919" errors="0" timestamp="2021-11-21T16:54:45 IST">
  <testcase classname="NewTest" name="f" time="25.828">
    <failure type="org.openqa.selenium.ElementClickInterceptedException" message="Element &amp;lt;p class=&amp;quot;panelTextStyleDesktop&amp;quot;&amp;gt; is not clickable at point (386,167) because another element &amp;lt;div class=&amp;quot;loading-loader centrarAnything&amp;quot;&amp;gt; obscures it
Build info: version: &amp;apos;4.0.0&amp;apos;, revision: &amp;apos;3a21814679&amp;apos;
System info: host: &amp;apos;LAPTOP-L78LREL2&amp;apos;, ip: &amp;apos;192.168.1.239&amp;apos;, os.name: &amp;apos;Windows 10&amp;apos;, os.arch: &amp;apos;amd64&amp;apos;, os.version: &amp;apos;10.0&amp;apos;, java.version: &amp;apos;16.0.1&amp;apos;
Driver info: org.openqa.selenium.firefox.FirefoxDriver
Command: [f300246a-bfb2-4502-82db-6e70569f10a0, clickElement {id=2ef0248e-0a85-4b73-ad4f-98e8e70dc360}]
Capabilities {acceptInsecureCerts: true, browserName: firefox, browserVersion: 94.0.1, javascriptEnabled: true, moz:accessibilityChecks: false, moz:buildID: 20211103134640, moz:debuggerAddress: localhost:62869, moz:geckodriverVersion: 0.30.0, moz:headless: false, moz:processID: 15348, moz:profile: C:\Users\Manisha\AppData\Lo..., moz:shutdownTimeout: 60000, moz:useNonSpecCompliantPointerOrigin: false, moz:webdriverClick: true, pageLoadStrategy: normal, platform: WINDOWS, platformName: WINDOWS, platformVersion: 10.0, proxy: Proxy(), se:cdp: ws://localhost:62869/devtoo..., se:cdpVersion: 85, setWindowRect: true, strictFileInteractability: false, timeouts: {implicit: 0, pageLoad: 300000, script: 30000}, unhandledPromptBehavior: dismiss and notify}
Element: [[FirefoxDriver: firefox on WINDOWS (f300246a-bfb2-4502-82db-6e70569f10a0)] -&amp;gt; xpath: //div[@id=&amp;apos;panel-title-card&amp;apos;]//p[text()=&amp;apos;Tarjeta&amp;apos;]]
Session ID: f300246a-bfb2-4502-82db-6e70569f10a0">
      <![CDATA[org.openqa.selenium.ElementClickInterceptedException: Element <p class="panelTextStyleDesktop"> is not clickable at point (386,167) because another element <div class="loading-loader centrarAnything"> obscures it
Build info: version: '4.0.0', revision: '3a21814679'
System info: host: 'LAPTOP-L78LREL2', ip: '192.168.1.239', os.name: 'Windows 10', os.arch: 'amd64', os.version: '10.0', java.version: '16.0.1'
Driver info: org.openqa.selenium.firefox.FirefoxDriver
Command: [f300246a-bfb2-4502-82db-6e70569f10a0, clickElement {id=2ef0248e-0a85-4b73-ad4f-98e8e70dc360}]
Capabilities {acceptInsecureCerts: true, browserName: firefox, browserVersion: 94.0.1, javascriptEnabled: true, moz:accessibilityChecks: false, moz:buildID: 20211103134640, moz:debuggerAddress: localhost:62869, moz:geckodriverVersion: 0.30.0, moz:headless: false, moz:processID: 15348, moz:profile: C:\Users\Manisha\AppData\Lo..., moz:shutdownTimeout: 60000, moz:useNonSpecCompliantPointerOrigin: false, moz:webdriverClick: true, pageLoadStrategy: normal, platform: WINDOWS, platformName: WINDOWS, platformVersion: 10.0, proxy: Proxy(), se:cdp: ws://localhost:62869/devtoo..., se:cdpVersion: 85, setWindowRect: true, strictFileInteractability: false, timeouts: {implicit: 0, pageLoad: 300000, script: 30000}, unhandledPromptBehavior: dismiss and notify}
Element: [[FirefoxDriver: firefox on WINDOWS (f300246a-bfb2-4502-82db-6e70569f10a0)] -> xpath: //div[@id='panel-title-card']//p[text()='Tarjeta']]
Session ID: f300246a-bfb2-4502-82db-6e70569f10a0
at org.openqa.selenium.remote.codec.w3c.W3CHttpResponseCodec.createException(W3CHttpResponseCodec.java:200)
at org.openqa.selenium.remote.codec.w3c.W3CHttpResponseCodec.decode(W3CHttpResponseCodec.java:133)
at org.openqa.selenium.remote.codec.w3c.W3CHttpResponseCodec.decode(W3CHttpResponseCodec.java:53)
at org.openqa.selenium.remote.HttpCommandExecutor.execute(HttpCommandExecutor.java:184)
at org.openqa.selenium.remote.service.DriverCommandExecutor.invokeExecute(DriverCommandExecutor.java:164)
at org.openqa.selenium.remote.service.DriverCommandExecutor.execute(DriverCommandExecutor.java:139)
at org.openqa.selenium.remote.RemoteWebDriver.execute(RemoteWebDriver.java:559)
at org.openqa.selenium.remote.RemoteWebElement.execute(RemoteWebElement.java:251)
at org.openqa.selenium.remote.RemoteWebElement.click(RemoteWebElement.java:77)
at NewTest.f(NewTest.java:70)
at java.base/java.util.ArrayList.forEach(ArrayList.java:1511)
at java.base/java.util.concurrent.FutureTask.run(FutureTask.java:264)
at java.base/java.util.concurrent.ThreadPoolExecutor.runWorker(ThreadPoolExecutor.java:1130)
at java.base/java.util.concurrent.ThreadPoolExecutor$Worker.run(ThreadPoolExecutor.java:630)
at java.base/java.lang.Thread.run(Thread.java:831)
... Removed 23 stack frames]]>
    </failure>
  </testcase> <!-- f -->
</testsuite> <!-- FirefoxTest -->
